[0.003s][warning][gc] -XX:+PrintGC is deprecated. Will use -Xlog:gc instead.
[0.008s][info   ][gc] Using G1
[0.171s][info   ][gc] GC(0) Pause Young (Normal) (G1 Evacuation Pause) 7M->0M(62M) 5.997ms
[0.391s][info   ][gc] GC(1) Pause Young (Normal) (G1 Evacuation Pause) 36M->0M(62M) 1.469ms
[0.607s][info   ][gc] GC(2) Pause Young (Normal) (G1 Evacuation Pause) 36M->0M(62M) 2.631ms
[0.794s][info   ][gc] GC(3) Pause Young (Normal) (G1 Evacuation Pause) 36M->0M(62M) 2.688ms
[1.015s][info   ][gc] GC(4) Pause Young (Normal) (G1 Evacuation Pause) 36M->0M(77M) 1.330ms
[1.255s][info   ][gc] GC(5) Pause Young (Normal) (G1 Evacuation Pause) 45M->0M(77M) 2.529ms
[1.519s][info   ][gc] GC(6) Pause Young (Normal) (G1 Evacuation Pause) 45M->0M(77M) 2.433ms
[1.815s][info   ][gc] GC(7) Pause Young (Normal) (G1 Evacuation Pause) 45M->0M(77M) 1.337ms
[2.063s][info   ][gc] GC(8) Pause Young (Normal) (G1 Evacuation Pause) 45M->0M(77M) 1.329ms
[2.327s][info   ][gc] GC(9) Pause Young (Normal) (G1 Evacuation Pause) 45M->0M(77M) 1.254ms
[2.599s][info   ][gc] GC(10) Pause Young (Normal) (G1 Evacuation Pause) 45M->0M(77M) 2.431ms
[2.849s][info   ][gc] GC(11) Pause Young (Normal) (G1 Evacuation Pause) 45M->0M(77M) 2.525ms
[3.081s][info   ][gc] GC(12) Pause Young (Normal) (G1 Evacuation Pause) 45M->0M(77M) 1.247ms
[3.321s][info   ][gc] GC(13) Pause Young (Normal) (G1 Evacuation Pause) 45M->0M(77M) 2.785ms
[3.585s][info   ][gc] GC(14) Pause Young (Normal) (G1 Evacuation Pause) 45M->0M(77M) 2.564ms
[3.893s][info   ][gc] GC(15) Pause Young (Normal) (G1 Evacuation Pause) 45M->0M(77M) 1.768ms
[4.132s][info   ][gc] GC(16) Pause Young (Normal) (G1 Evacuation Pause) 46M->0M(77M) 1.639ms
[4.385s][info   ][gc] GC(17) Pause Young (Normal) (G1 Evacuation Pause) 46M->0M(77M) 0.553ms
          vmop                            [ threads:    total initially_running wait_to_block ][ time:    spin   block    sync cleanup    vmop ] page_trap_count
   0.094: EnableBiasedLocking             [                 8                 0             1 ][             0       0       0       0       0 ]               0 
   0.100: RevokeBias                      [                 9                 0             2 ][             0       0       0       0       0 ]               0 
   0.164: G1CollectForAllocation          [                10                 0             0 ][             0       0       0       0       6 ]               0 
   0.389: G1CollectForAllocation          [                10                 0             0 ][             0       0       0       0       1 ]               0 
   0.604: G1CollectForAllocation          [                10                 0             0 ][             0       0       0       0       2 ]               0 
   0.791: G1CollectForAllocation          [                10                 0             0 ][             0       0       0       0       2 ]               0 
   1.014: G1CollectForAllocation          [                10                 0             0 ][             0       0       0       0       1 ]               0 
   1.252: G1CollectForAllocation          [                10                 0             0 ][             0       0       0       0       2 ]               0 
   1.516: G1CollectForAllocation          [                10                 0             0 ][             0       0       0       0       2 ]               0 
   1.813: G1CollectForAllocation          [                10                 0             0 ][             0       0       0       0       1 ]               0 
   2.062: G1CollectForAllocation          [                10                 0             0 ][             0       0       0       0       1 ]               0 
   2.326: G1CollectForAllocation          [                10                 0             0 ][             0       0       0       0       1 ]               0 
   2.597: G1CollectForAllocation          [                10                 0             0 ][             0       0       0       0       2 ]               0 
   2.846: G1CollectForAllocation          [                10                 0             0 ][             0       0       0       0       2 ]               0 
   3.080: G1CollectForAllocation          [                10                 0             0 ][             0       0       0       0       1 ]               0 
   3.318: G1CollectForAllocation          [                10                 0             0 ][             0       0       0       0       2 ]               0 
   3.582: G1CollectForAllocation          [                10                 0             0 ][             0       0       0       0       2 ]               0 
   3.891: G1CollectForAllocation          [                10                 0             0 ][             0       0       0       0       1 ]               0 
   4.130: G1CollectForAllocation          [                10                 0             0 ][             0       0       0       0       1 ]               0 
   4.384: G1CollectForAllocation          [                10                 0             0 ][             0       0       0       0       0 ]               0 
   4.539: RevokeBias                      [                10                 0             0 ][             0       0       0       0       0 ]               0 
   4.540: no vm operation                 [                 7                 0             0 ][             0       0       0       0       1 ]               0 

Polling page always armed
G1CollectForAllocation            18
EnableBiasedLocking                1
RevokeBias                         2
    0 VM operations coalesced during safepoint
Maximum sync time      0 ms
Maximum vm operation time (except for Exit VM operation)      6 ms
